This is pdfTeX, Version 3.141592653-2.6-1.40.29 (TeX Live 2026/Arch Linux) (preloaded format=pdflatex 2026.5.3)  7 MAY 2026 15:02
entering extended mode
 restricted \write18 enabled.
 %&-line parsing enabled.
**fsoft2026_1DB_3_TR1_IT2.tex
(./fsoft2026_1DB_3_TR1_IT2.tex
LaTeX2e <2025-11-01>
L3 programming layer <2026-01-19>
(/usr/share/texmf-dist/tex/latex/llncs/llncs.cls
Document Class: llncs 2025/02/25 v2.26 
 LaTeX document class for Lecture Notes in Computer Science
(/usr/share/texmf-dist/tex/latex/base/article.cls
Document Class: article 2025/01/22 v1.4n Standard LaTeX document class
(/usr/share/texmf-dist/tex/latex/base/size10.clo
File: size10.clo 2025/01/22 v1.4n Standard LaTeX file (size option)
)
\c@part=\count275
\c@section=\count276
\c@subsection=\count277
\c@subsubsection=\count278
\c@paragraph=\count279
\c@subparagraph=\count280
\c@figure=\count281
\c@table=\count282
\abovecaptionskip=\skip49
\belowcaptionskip=\skip50
\bibindent=\dimen148
)
(/usr/share/texmf-dist/tex/latex/tools/multicol.sty
Package: multicol 2025/10/21 v2.0b multicolumn formatting (FMi)
\c@tracingmulticols=\count283
\mult@box=\box53
\multicol@leftmargin=\dimen149
\c@unbalance=\count284
\c@collectmore=\count285
\doublecol@number=\count286
\multicoltolerance=\count287
\multicolpretolerance=\count288
\full@width=\dimen150
\page@free=\dimen151
\premulticols=\dimen152
\postmulticols=\dimen153
\multicolsep=\skip51
\multicolbaselineskip=\skip52
\partial@page=\box54
\last@line=\box55
\mc@boxedresult=\box56
\maxbalancingoverflow=\dimen154
\mult@rightbox=\box57
\mult@grightbox=\box58
\mult@firstbox=\box59
\mult@gfirstbox=\box60
\@tempa=\box61
\@tempa=\box62
\@tempa=\box63
\@tempa=\box64
\@tempa=\box65
\@tempa=\box66
\@tempa=\box67
\@tempa=\box68
\@tempa=\box69
\@tempa=\box70
\@tempa=\box71
\@tempa=\box72
\@tempa=\box73
\@tempa=\box74
\@tempa=\box75
\@tempa=\box76
\@tempa=\box77
\@tempa=\box78
\@tempa=\box79
\@tempa=\box80
\@tempa=\box81
\@tempa=\box82
\@tempa=\box83
\@tempa=\box84
\@tempa=\box85
\@tempa=\box86
\@tempa=\box87
\@tempa=\box88
\@tempa=\box89
\@tempa=\box90
\@tempa=\box91
\@tempa=\box92
\@tempa=\box93
\@tempa=\box94
\@tempa=\box95
\@tempa=\box96
\c@minrows=\count289
\c@columnbadness=\count290
\c@finalcolumnbadness=\count291
\last@try=\dimen155
\multicolovershoot=\dimen156
\multicolundershoot=\dimen157
\mult@nat@firstbox=\box97
\colbreak@box=\box98
\mc@col@check@num=\count292
\g__mc_curr_col_int=\count293
)
(/usr/share/texmf-dist/tex/latex/oberdiek/aliascnt.sty
Package: aliascnt 2018/09/07 v1.5 Alias counters (HO)
)
\c@chapter=\count294
LaTeX Font Info:    Redeclaring math symbol \Gamma on input line 379.
LaTeX Font Info:    Redeclaring math symbol \Delta on input line 380.
LaTeX Font Info:    Redeclaring math symbol \Theta on input line 381.
LaTeX Font Info:    Redeclaring math symbol \Lambda on input line 382.
LaTeX Font Info:    Redeclaring math symbol \Xi on input line 383.
LaTeX Font Info:    Redeclaring math symbol \Pi on input line 384.
LaTeX Font Info:    Redeclaring math symbol \Sigma on input line 385.
LaTeX Font Info:    Redeclaring math symbol \Upsilon on input line 386.
LaTeX Font Info:    Redeclaring math symbol \Phi on input line 387.
LaTeX Font Info:    Redeclaring math symbol \Psi on input line 388.
LaTeX Font Info:    Redeclaring math symbol \Omega on input line 389.
LaTeX Info: Redefining \vec on input line 394.
\tocchpnum=\dimen158
\tocsecnum=\dimen159
\tocsectotal=\dimen160
\tocsubsecnum=\dimen161
\tocsubsectotal=\dimen162
\tocsubsubsecnum=\dimen163
\tocsubsubsectotal=\dimen164
\tocparanum=\dimen165
\tocparatotal=\dimen166
\tocsubparanum=\dimen167
\@tempcntc=\count295
\fnindent=\dimen168
\c@@inst=\count296
\c@@auth=\count297
\c@auco=\count298
\instindent=\dimen169
\authrun=\box99
\authorrunning=\toks17
\tocauthor=\toks18
\titrun=\box100
\titlerunning=\toks19
\toctitle=\toks20
\c@theorem=\count299
\c@case=\count300
\c@conjecture=\count301
\c@corollary=\count302
\c@definition=\count303
\c@example=\count304
\c@exercise=\count305
\c@lemma=\count306
\c@note=\count307
\c@problem=\count308
\c@property=\count309
\c@proposition=\count310
\c@question=\count311
\c@solution=\count312
\c@remark=\count313
\headlineindent=\dimen170
)
(/usr/share/texmf-dist/tex/latex/base/inputenc.sty
Package: inputenc 2024/02/08 v1.3d Input encoding file
\inpenc@prehook=\toks21
\inpenc@posthook=\toks22
)
(/usr/share/texmf-dist/tex/latex/base/fontenc.sty
Package: fontenc 2025/07/18 v2.1d Standard LaTeX package
)
(/usr/share/texmf-dist/tex/latex/amsfonts/amssymb.sty
Package: amssymb 2013/01/14 v3.01 AMS font symbols

(/usr/share/texmf-dist/tex/latex/amsfonts/amsfonts.sty
Package: amsfonts 2013/01/14 v3.01 Basic AMSFonts support
\@emptytoks=\toks23
\symAMSa=\mathgroup4
\symAMSb=\mathgroup5
LaTeX Font Info:    Redeclaring math symbol \hbar on input line 98.
LaTeX Font Info:    Overwriting math alphabet `\mathfrak' in version `bold'
(Font)                  U/euf/m/n --> U/euf/b/n on input line 106.
))
(/usr/share/texmf-dist/tex/latex/graphics/graphicx.sty
Package: graphicx 2024/12/31 v1.2e Enhanced LaTeX Graphics (DPC,SPQR)

(/usr/share/texmf-dist/tex/latex/graphics/keyval.sty
Package: keyval 2022/05/29 v1.15 key=value parser (DPC)
\KV@toks@=\toks24
)
(/usr/share/texmf-dist/tex/latex/graphics/graphics.sty
Package: graphics 2024/08/06 v1.4g Standard LaTeX Graphics (DPC,SPQR)

(/usr/share/texmf-dist/tex/latex/graphics/trig.sty
Package: trig 2023/12/02 v1.11 sin cos tan (DPC)
)
(/usr/share/texmf-dist/tex/latex/graphics-cfg/graphics.cfg
File: graphics.cfg 2016/06/04 v1.11 sample graphics configuration
)
Package graphics Info: Driver file: pdftex.def on input line 106.

(/usr/share/texmf-dist/tex/latex/graphics-def/pdftex.def
File: pdftex.def 2025/09/29 v1.2d Graphics/color driver for pdftex
))
\Gin@req@height=\dimen171
\Gin@req@width=\dimen172
)
(/usr/share/texmf-dist/tex/latex/url/url.sty
\Urlmuskip=\muskip17
Package: url 2013/09/16  ver 3.4  Verb mode for urls, etc.
)
(/usr/share/texmf-dist/tex/latex/float/float.sty
Package: float 2001/11/08 v1.3d Float enhancements (AL)
\c@float@type=\count314
\float@exts=\toks25
\float@box=\box101
\@float@everytoks=\toks26
\@floatcapt=\box102
)
(/usr/share/texmf-dist/tex/latex/booktabs/booktabs.sty
Package: booktabs 2020/01/12 v1.61803398 Publication quality tables
\heavyrulewidth=\dimen173
\lightrulewidth=\dimen174
\cmidrulewidth=\dimen175
\belowrulesep=\dimen176
\belowbottomsep=\dimen177
\aboverulesep=\dimen178
\abovetopsep=\dimen179
\cmidrulesep=\dimen180
\cmidrulekern=\dimen181
\defaultaddspace=\dimen182
\@cmidla=\count315
\@cmidlb=\count316
\@aboverulesep=\dimen183
\@belowrulesep=\dimen184
\@thisruleclass=\count317
\@lastruleclass=\count318
\@thisrulewidth=\dimen185
)
(/usr/share/texmf-dist/tex/latex/tools/tabularx.sty
Package: tabularx 2023/12/11 v2.12a `tabularx' package (DPC)

(/usr/share/texmf-dist/tex/latex/tools/array.sty
Package: array 2025/09/25 v2.6n Tabular extension package (FMi)
\col@sep=\dimen186
\ar@mcellbox=\box103
\extrarowheight=\dimen187
\NC@list=\toks27
\extratabsurround=\skip53
\backup@length=\skip54
\ar@cellbox=\box104
)
\TX@col@width=\dimen188
\TX@old@table=\dimen189
\TX@old@col=\dimen190
\TX@target=\dimen191
\TX@delta=\dimen192
\TX@cols=\count319
\TX@ftn=\toks28
)
(/usr/share/texmf-dist/tex/latex/enumitem/enumitem.sty
Package: enumitem 2025/02/06 v3.11 Customized lists
\labelindent=\skip55
\enit@outerparindent=\dimen193
\enit@toks=\toks29
\enit@inbox=\box105
\enit@count@id=\count320
\enitdp@description=\count321
)
(/usr/share/texmf-dist/tex/latex/pdflscape/pdflscape.sty
Package: pdflscape 2025-06-23 v0.14 Display of landscape pages in PDF

(/usr/share/texmf-dist/tex/latex/pdflscape/pdflscape-nometadata.sty
Package: pdflscape-nometadata 2025-06-23 v0.14 Display of landscape pages in PD
F (HO)

(/usr/share/texmf-dist/tex/generic/iftex/iftex.sty
Package: iftex 2024/12/12 v1.0g TeX engine tests
)
(/usr/share/texmf-dist/tex/latex/graphics/lscape.sty
Package: lscape 2020/05/28 v3.02 Landscape Pages (DPC)
)
Package pdflscape Info: Auto-detected driver: pdftex on input line 81.
))
(/usr/share/texmf-dist/tex/latex/l3backend/l3backend-pdftex.def
File: l3backend-pdftex.def 2025-10-09 L3 backend support: PDF output (pdfTeX)
\l__color_backend_stack_int=\count322
)
(./fsoft2026_1DB_3_TR1_IT2.aux)
\openout1 = `fsoft2026_1DB_3_TR1_IT2.aux'.

LaTeX Font Info:    Checking defaults for OML/cmm/m/it on input line 41.
LaTeX Font Info:    ... okay on input line 41.
LaTeX Font Info:    Checking defaults for OMS/cmsy/m/n on input line 41.
LaTeX Font Info:    ... okay on input line 41.
LaTeX Font Info:    Checking defaults for OT1/cmr/m/n on input line 41.
LaTeX Font Info:    ... okay on input line 41.
LaTeX Font Info:    Checking defaults for T1/cmr/m/n on input line 41.
LaTeX Font Info:    ... okay on input line 41.
LaTeX Font Info:    Checking defaults for TS1/cmr/m/n on input line 41.
LaTeX Font Info:    ... okay on input line 41.
LaTeX Font Info:    Checking defaults for OMX/cmex/m/n on input line 41.
LaTeX Font Info:    ... okay on input line 41.
LaTeX Font Info:    Checking defaults for U/cmr/m/n on input line 41.
LaTeX Font Info:    ... okay on input line 41.

(/usr/share/texmf-dist/tex/context/base/mkii/supp-pdf.mkii
[Loading MPS to PDF converter (version 2006.09.02).]
\scratchcounter=\count323
\scratchdimen=\dimen194
\scratchbox=\box106
\nofMPsegments=\count324
\nofMParguments=\count325
\everyMPshowfont=\toks30
\MPscratchCnt=\count326
\MPscratchDim=\dimen195
\MPnumerator=\count327
\makeMPintoPDFobject=\count328
\everyMPtoPDFconversion=\toks31
) (/usr/share/texmf-dist/tex/latex/epstopdf-pkg/epstopdf-base.sty
Package: epstopdf-base 2020-01-24 v2.11 Base part for package epstopdf
Package epstopdf-base Info: Redefining graphics rule for `.eps' on input line 4
85.

(/usr/share/texmf-dist/tex/latex/latexconfig/epstopdf-sys.cfg
File: epstopdf-sys.cfg 2010/07/13 v1.3 Configuration of (r)epstopdf for TeX Liv
e
))
LaTeX Font Info:    Trying to load font information for U+msa on input line 53.


(/usr/share/texmf-dist/tex/latex/amsfonts/umsa.fd
File: umsa.fd 2013/01/14 v3.01 AMS symbols A
)
LaTeX Font Info:    Trying to load font information for U+msb on input line 53.


(/usr/share/texmf-dist/tex/latex/amsfonts/umsb.fd
File: umsb.fd 2013/01/14 v3.01 AMS symbols B
) [1


{/var/lib/texmf/fonts/map/pdftex/updmap/pdftex.map}{/usr/share/texmf-dist/fonts
/enc/dvips/cm-super/cm-super-t1.enc}{/usr/share/texmf-dist/fonts/enc/dvips/cm-s
uper/cm-super-ts1.enc}]
Overfull \hbox (11.16812pt too wide) in paragraph at lines 82--83
[]\T1/cmr/bx/n/10 US05: \T1/cmr/m/n/10 Como AD-MIN, eu quero adi-cionar e re-mo
ver CAIXAs (adiçăo/remoçăo)
 []


Overfull \hbox (27.77408pt too wide) in paragraph at lines 84--85
[]\T1/cmr/bx/n/10 US07: \T1/cmr/m/n/10 Como AD-MIN, eu quero gerir o reg-isto d
e CLIENTES (criar/editar/apagar)
 []

[2]
Overfull \hbox (6.65424pt too wide) in paragraph at lines 110--111
[]\T1/cmr/bx/n/10 RF08: \T1/cmr/m/n/10 O sis-tema deve reg-is-tar o método de p
aga-mento e mostrar um RECIBO
 []

[3]
<diagramas/domain_model.png, id=20, 1307.88625pt x 834.11626pt>
File: diagramas/domain_model.png Graphic file (type png)
<use diagramas/domain_model.png>
Package pdftex.def Info: diagramas/domain_model.png  used on input line 154.
(pdftex.def)             Requested size: 485.97083pt x 309.92912pt.
 [4]
<diagramas/use_case_diagram_admin.png, id=25, 506.89375pt x 653.44125pt>
File: diagramas/use_case_diagram_admin.png Graphic file (type png)
<use diagramas/use_case_diagram_admin.png>
Package pdftex.def Info: diagramas/use_case_diagram_admin.png  used on input li
ne 164.
(pdftex.def)             Requested size: 277.69987pt x 357.98793pt.
 [5 <./diagramas/domain_model.png>]
<diagramas/use_case_diagram_caixa.png, id=30, 405.515pt x 663.47874pt>
File: diagramas/use_case_diagram_caixa.png Graphic file (type png)
<use diagramas/use_case_diagram_caixa.png>
Package pdftex.def Info: diagramas/use_case_diagram_caixa.png  used on input li
ne 171.
(pdftex.def)             Requested size: 277.69987pt x 454.36884pt.
 [6 <./diagramas/use_case_diagram_admin.png>]
Underfull \hbox (badness 10000) in paragraph at lines 198--198
[]|\T1/cmr/m/n/9 Incrementa a quan-ti-dade
 []


Underfull \hbox (badness 2875) in paragraph at lines 198--198
\T1/cmr/m/n/9 disponível de um PRO-DUTO
 []


Underfull \hbox (badness 1072) in paragraph at lines 198--198
[]|\T1/cmr/m/n/9 Permite criar, ed-i-tar e apa-gar
 []

[7 <./diagramas/use_case_diagram_caixa.png>] [8] [9] [10] [11] [12] [13]
[14] [15] [16]
<diagramas/uc01.png, id=68, 407.5225pt x 493.845pt>
File: diagramas/uc01.png Graphic file (type png)
<use diagramas/uc01.png>
Package pdftex.def Info: diagramas/uc01.png  used on input line 405.
(pdftex.def)             Requested size: 242.98541pt x 294.45555pt.
 [17]
<diagramas/uc02.png, id=72, 402.50375pt x 333.245pt>
File: diagramas/uc02.png Graphic file (type png)
<use diagramas/uc02.png>
Package pdftex.def Info: diagramas/uc02.png  used on input line 411.
(pdftex.def)             Requested size: 242.98541pt x 201.174pt.
 [18 <./diagramas/uc01.png>]
<diagramas/uc03.png, id=77, 543.02875pt x 434.62375pt>
File: diagramas/uc03.png Graphic file (type png)
<use diagramas/uc03.png>
Package pdftex.def Info: diagramas/uc03.png  used on input line 417.
(pdftex.def)             Requested size: 242.98541pt x 194.478pt.
<diagramas/uc04.png, id=78, 480.79625pt x 443.6575pt>
File: diagramas/uc04.png Graphic file (type png)
<use diagramas/uc04.png>
Package pdftex.def Info: diagramas/uc04.png  used on input line 423.
(pdftex.def)             Requested size: 242.98541pt x 224.21788pt.
 [19 <./diagramas/uc02.png> <./diagramas/uc03.png>]
<diagramas/uc05.png, id=85, 415.5525pt x 332.24126pt>
File: diagramas/uc05.png Graphic file (type png)
<use diagramas/uc05.png>
Package pdftex.def Info: diagramas/uc05.png  used on input line 429.
(pdftex.def)             Requested size: 242.98541pt x 194.27162pt.
<diagramas/uc06.png, id=86, 412.54124pt x 285.065pt>
File: diagramas/uc06.png Graphic file (type png)
<use diagramas/uc06.png>
Package pdftex.def Info: diagramas/uc06.png  used on input line 435.
(pdftex.def)             Requested size: 242.98541pt x 167.90416pt.
 [20 <./diagramas/uc04.png> <./diagramas/uc05.png>]
<diagramas/uc07.png, id=92, 422.57875pt x 317.185pt>
File: diagramas/uc07.png Graphic file (type png)
<use diagramas/uc07.png>
Package pdftex.def Info: diagramas/uc07.png  used on input line 441.
(pdftex.def)             Requested size: 242.98541pt x 182.38962pt.
<diagramas/uc08.png, id=93, 406.51875pt x 423.5825pt>
File: diagramas/uc08.png Graphic file (type png)
<use diagramas/uc08.png>
Package pdftex.def Info: diagramas/uc08.png  used on input line 447.
(pdftex.def)             Requested size: 242.98541pt x 253.18196pt.
 [21 <./diagramas/uc06.png> <./diagramas/uc07.png>]
<diagramas/uc09.png, id=99, 412.54124pt x 285.065pt>
File: diagramas/uc09.png Graphic file (type png)
<use diagramas/uc09.png>
Package pdftex.def Info: diagramas/uc09.png  used on input line 453.
(pdftex.def)             Requested size: 242.98541pt x 167.90416pt.
<diagramas/uc10.png, id=100, 399.4925pt x 262.9825pt>
File: diagramas/uc10.png Graphic file (type png)
<use diagramas/uc10.png>
Package pdftex.def Info: diagramas/uc10.png  used on input line 459.
(pdftex.def)             Requested size: 242.98541pt x 159.95761pt.
 [22 <./diagramas/uc08.png> <./diagramas/uc09.png>]
<diagramas/uc11.png, id=106, 417.56pt x 305.14pt>
File: diagramas/uc11.png Graphic file (type png)
<use diagramas/uc11.png>
Package pdftex.def Info: diagramas/uc11.png  used on input line 465.
(pdftex.def)             Requested size: 242.98541pt x 177.56798pt.
<diagramas/uc12.png, id=107, 415.5525pt x 327.2225pt>
File: diagramas/uc12.png Graphic file (type png)
<use diagramas/uc12.png>
Package pdftex.def Info: diagramas/uc12.png  used on input line 471.
(pdftex.def)             Requested size: 242.98541pt x 191.337pt.
 [23 <./diagramas/uc10.png> <./diagramas/uc11.png>]
<diagramas/uc13.png, id=113, 402.50375pt x 193.72375pt>
File: diagramas/uc13.png Graphic file (type png)
<use diagramas/uc13.png>
Package pdftex.def Info: diagramas/uc13.png  used on input line 477.
(pdftex.def)             Requested size: 242.98541pt x 116.94753pt.
<diagramas/uc14.png, id=114, 412.54124pt x 212.795pt>
File: diagramas/uc14.png Graphic file (type png)
<use diagramas/uc14.png>
Package pdftex.def Info: diagramas/uc14.png  used on input line 483.
(pdftex.def)             Requested size: 242.98541pt x 125.3369pt.
 [24 <./diagramas/uc12.png> <./diagramas/uc13.png>]
<diagramas/uc15.png, id=120, 412.54124pt x 192.72pt>
File: diagramas/uc15.png Graphic file (type png)
<use diagramas/uc15.png>
Package pdftex.def Info: diagramas/uc15.png  used on input line 489.
(pdftex.def)             Requested size: 242.98541pt x 113.51265pt.

Overfull \hbox (0.8987pt too wide) in paragraph at lines 500--501
[]\T1/cmr/bx/n/10 View: \T1/cmr/m/n/10 Re-spon-sável por toda a in-ter-açăo com
 o uti-lizador via CLI (\T1/cmtt/m/n/10 std::cout
 []

LaTeX Font Info:    Font shape `T1/cmtt/bx/n' in size <10> not available
(Font)              Font shape `T1/cmtt/m/n' tried instead on input line 507.
[25 <./diagramas/uc14.png> <./diagramas/uc15.png>] [26]
(./fsoft2026_1DB_3_TR1_IT2.aux)
 ***********
LaTeX2e <2025-11-01>
L3 programming layer <2026-01-19>
 ***********
 ) 
Here is how much of TeX's memory you used:
 3583 strings out of 469515
 54239 string characters out of 5470808
 462055 words of memory out of 5000000
 32192 multiletter control sequences out of 15000+600000
 639646 words of font info for 71 fonts, out of 8000000 for 9000
 14 hyphenation exceptions out of 8191
 64i,10n,65p,625b,352s stack positions out of 10000i,1000n,20000p,200000b,200000s
</usr/share/texmf-dist/fonts/type1/public/cm-super/sfbx0900.pfb></usr/share/t
exmf-dist/fonts/type1/public/cm-super/sfbx1000.pfb></usr/share/texmf-dist/fonts
/type1/public/cm-super/sfbx1200.pfb></usr/share/texmf-dist/fonts/type1/public/c
m-super/sfbx1440.pfb></usr/share/texmf-dist/fonts/type1/public/cm-super/sfrm090
0.pfb></usr/share/texmf-dist/fonts/type1/public/cm-super/sfrm1000.pfb></usr/sha
re/texmf-dist/fonts/type1/public/cm-super/sftt0900.pfb></usr/share/texmf-dist/f
onts/type1/public/cm-super/sftt1000.pfb>
Output written on fsoft2026_1DB_3_TR1_IT2.pdf (26 pages, 536965 bytes).
PDF statistics:
 170 PDF objects out of 1000 (max. 8388607)
 88 compressed objects within 1 object stream
 0 named destinations out of 1000 (max. 500000)
 91 words of extra memory for PDF output out of 10000 (max. 10000000)

